Build started 2013/7/1 13:49:56.
     1>Project "D:\mystuff\mini_crt\mini_crt.vcxproj" on node 2 (build target(s)).
     1>InitializeBuildStatus:
         Creating "Debug\mini_crt.unsuccessfulbuild" because "AlwaysCreate" was specified.
       ClCompile:
         D:\Program Files (x86)\Microsoft Visual Studio 10.0\VC\bin\CL.exe /c /ZI /nologo /W3 /WX- /Od /Oy- /D WIN32 /D _DEBUG /D _CONSOLE /D _UNICODE /D UNICODE /Gm /EHsc /RTC1 /MDd /GS /fp:precise /Zc:wchar_t /Zc:forScope /Fo"Debug\\" /Fd"Debug\vc100.pdb" /Gd /TP /analyze- /errorReport:prompt entry.cpp
         entry.cpp
     1>d:\mystuff\mini_crt\entry.cpp(7): warning C4101: 'ret' : unreferenced local variable
       ManifestResourceCompile:
         All outputs are up-to-date.
       Link:
         D:\Program Files (x86)\Microsoft Visual Studio 10.0\VC\bin\link.exe /ERRORREPORT:PROMPT /OUT:"D:\mystuff\mini_crt\Debug\mini_crt.exe" /INCREMENTAL /NOLOGO kernel32.lib user32.lib gdi32.lib winspool.lib comdlg32.lib advapi32.lib shell32.lib ole32.lib oleaut32.lib uuid.lib odbc32.lib odbccp32.lib /MANIFEST /ManifestFile:"Debug\mini_crt.exe.intermediate.manifest" /MANIFESTUAC:"level='asInvoker' uiAccess='false'" /DEBUG /PDB:"D:\mystuff\mini_crt\Debug\mini_crt.pdb" /SUBSYSTEM:CONSOLE /TLBID:1 /DYNAMICBASE /NXCOMPAT /IMPLIB:"D:\mystuff\mini_crt\Debug\mini_crt.lib" /MACHINE:X86 Debug\mini_crt.exe.embed.manifest.res
         Debug\entry.obj
       Manifest:
         C:\Program Files (x86)\Microsoft SDKs\Windows\v7.0A\bin\mt.exe /nologo /verbose /out:"Debug\mini_crt.exe.embed.manifest" /manifest Debug\mini_crt.exe.intermediate.manifest
         All outputs are up-to-date.
       LinkEmbedManifest:
         All outputs are up-to-date.
         mini_crt.vcxproj -> D:\mystuff\mini_crt\Debug\mini_crt.exe
       FinalizeBuildStatus:
         Deleting file "Debug\mini_crt.unsuccessfulbuild".
         Touching "Debug\mini_crt.lastbuildstate".
     1>Done Building Project "D:\mystuff\mini_crt\mini_crt.vcxproj" (build target(s)).

Build succeeded.

Time Elapsed 00:00:00.73
