D:\mystuff\mini_crt\Debug\cl.command.1.tlog
D:\mystuff\mini_crt\Debug\CL.read.1.tlog
D:\mystuff\mini_crt\Debug\CL.write.1.tlog
D:\MYSTUFF\MINI_CRT\DEBUG\ENTRY.OBJ
D:\mystuff\mini_crt\Debug\link.7144.read.1.tlog
D:\mystuff\mini_crt\Debug\link.7144.write.1.tlog
D:\mystuff\mini_crt\Debug\link.7144-cvtres.read.1.tlog
D:\mystuff\mini_crt\Debug\link.7144-cvtres.write.1.tlog
D:\mystuff\mini_crt\Debug\link.command.1.tlog
D:\mystuff\mini_crt\Debug\link.read.1.tlog
D:\mystuff\mini_crt\Debug\link.write.1.tlog
D:\mystuff\mini_crt\Debug\link-cvtres.read.1.tlog
D:\mystuff\mini_crt\Debug\link-cvtres.write.1.tlog
D:\MYSTUFF\MINI_CRT\DEBUG\MINI_CRT.EXE
D:\MYSTUFF\MINI_CRT\DEBUG\MINI_CRT.EXE.EMBED.MANIFEST
D:\MYSTUFF\MINI_CRT\DEBUG\MINI_CRT.EXE.EMBED.MANIFEST.RES
D:\MYSTUFF\MINI_CRT\DEBUG\MINI_CRT.EXE.INTERMEDIATE.MANIFEST
D:\MYSTUFF\MINI_CRT\DEBUG\MINI_CRT.ILK
D:\MYSTUFF\MINI_CRT\DEBUG\MINI_CRT.PDB
D:\mystuff\mini_crt\Debug\mini_crt_manifest.rc
D:\mystuff\mini_crt\Debug\mt.command.1.tlog
D:\mystuff\mini_crt\Debug\mt.read.1.tlog
D:\mystuff\mini_crt\Debug\mt.write.1.tlog
D:\mystuff\mini_crt\Debug\rc.command.1.tlog
D:\mystuff\mini_crt\Debug\rc.read.1.tlog
D:\mystuff\mini_crt\Debug\rc.write.1.tlog
D:\mystuff\mini_crt\Debug\vc100.idb
D:\MYSTUFF\MINI_CRT\DEBUG\VC100.PDB
